== kubeadm init ==
[init] Using Kubernetes version: v1.35.2
[preflight] Running pre-flight checks
	[WARNING ContainerRuntimeVersion]: You must update your container runtime to a version that supports the CRI method RuntimeConfig. Falling back to using cgroupDriver from kubelet config will be removed in 1.36. For more information, see https://git.k8s.io/enhancements/keps/sig-node/4033-group-driver-detection-over-cri
[preflight] Pulling images required for setting up a Kubernetes cluster
[preflight] This might take a minute or two, depending on the speed of your internet connection
[preflight] You can also perform this action beforehand using 'kubeadm config images pull'
W0312 19:40:28.335414    3507 checks.go:906] detected that the sandbox image "registry.k8s.io/pause:3.8" of the container runtime is inconsistent with that used by kubeadm. It is recommended to use "registry.k8s.io/pause:3.10.1" as the CRI sandbox image.
[certs] Using certificateDir folder "/etc/kubernetes/pki"
[certs] Generating "ca" certificate and key
[certs] Generating "apiserver" certificate and key
[certs] apiserver serving cert is signed for DNS names [kubernetes kubernetes.default kubernetes.default.svc kubernetes.default.svc.cluster.local vm-k8s-node-01] and IPs [10.96.0.1 10.10.1.4]
[certs] Generating "apiserver-kubelet-client" certificate and key
[certs] Generating "front-proxy-ca" certificate and key
[certs] Generating "front-proxy-client" certificate and key
[certs] Generating "etcd/ca" certificate and key
[certs] Generating "etcd/server" certificate and key
[certs] etcd/server serving cert is signed for DNS names [localhost vm-k8s-node-01] and IPs [10.10.1.4 127.0.0.1 ::1]
[certs] Generating "etcd/peer" certificate and key
[certs] etcd/peer serving cert is signed for DNS names [localhost vm-k8s-node-01] and IPs [10.10.1.4 127.0.0.1 ::1]
[certs] Generating "etcd/healthcheck-client" certificate and key
[certs] Generating "apiserver-etcd-client" certificate and key
[certs] Generating "sa" key and public key
[kubeconfig] Using kubeconfig folder "/etc/kubernetes"
[kubeconfig] Writing "admin.conf" kubeconfig file
[kubeconfig] Writing "super-admin.conf" kubeconfig file
[kubeconfig] Writing "kubelet.conf" kubeconfig file
[kubeconfig] Writing "controller-manager.conf" kubeconfig file
[kubeconfig] Writing "scheduler.conf" kubeconfig file
[etcd] Creating static Pod manifest for local etcd in "/etc/kubernetes/manifests"
[control-plane] Using manifest folder "/etc/kubernetes/manifests"
[control-plane] Creating static Pod manifest for "kube-apiserver"
[control-plane] Creating static Pod manifest for "kube-controller-manager"
[control-plane] Creating static Pod manifest for "kube-scheduler"
[kubelet-start] Writing kubelet environment file with flags to file "/var/lib/kubelet/kubeadm-flags.env"
[kubelet-start] Writing kubelet configuration to file "/var/lib/kubelet/instance-config.yaml"
[patches] Applied patch of type "application/strategic-merge-patch+json" to target "kubeletconfiguration"
[kubelet-start] Writing kubelet configuration to file "/var/lib/kubelet/config.yaml"
[kubelet-start] Starting the kubelet
[wait-control-plane] Waiting for the kubelet to boot up the control plane as static Pods from directory "/etc/kubernetes/manifests"
[kubelet-check] Waiting for a healthy kubelet at http://127.0.0.1:10248/healthz. This can take up to 4m0s
[kubelet-check] The kubelet is healthy after 500.571198ms
[control-plane-check] Waiting for healthy control plane components. This can take up to 4m0s
[control-plane-check] Checking kube-apiserver at https://10.10.1.4:6443/livez
[control-plane-check] Checking kube-controller-manager at https://127.0.0.1:10257/healthz
[control-plane-check] Checking kube-scheduler at https://127.0.0.1:10259/livez
[control-plane-check] kube-controller-manager is healthy after 3.003355253s
[control-plane-check] kube-scheduler is healthy after 3.89096026s
[control-plane-check] kube-apiserver is healthy after 6.001740523s
[upload-config] Storing the configuration used in ConfigMap "kubeadm-config" in the "kube-system" Namespace
[kubelet] Creating a ConfigMap "kubelet-config" in namespace kube-system with the configuration for the kubelets in the cluster
[upload-certs] Skipping phase. Please see --upload-certs
[mark-control-plane] Marking the node vm-k8s-node-01 as control-plane by adding the labels: [node-role.kubernetes.io/control-plane node.kubernetes.io/exclude-from-external-load-balancers]
[mark-control-plane] Marking the node vm-k8s-node-01 as control-plane by adding the taints [node-role.kubernetes.io/control-plane:NoSchedule]
[bootstrap-token] Using token: XXXXXXXXXXXXX
[bootstrap-token] Configuring bootstrap tokens, cluster-info ConfigMap, RBAC Roles
[bootstrap-token] Configured RBAC rules to allow Node Bootstrap tokens to get nodes
[bootstrap-token] Configured RBAC rules to allow Node Bootstrap tokens to post CSRs in order for nodes to get long term certificate credentials
[bootstrap-token] Configured RBAC rules to allow the csrapprover controller automatically approve CSRs from a Node Bootstrap Token
[bootstrap-token] Configured RBAC rules to allow certificate rotation for all node client certificates in the cluster
[bootstrap-token] Creating the "cluster-info" ConfigMap in the "kube-public" namespace
[kubelet-finalize] Updating "/etc/kubernetes/kubelet.conf" to point to a rotatable kubelet client certificate and key
[addons] Applied essential addon: CoreDNS
[addons] Applied essential addon: kube-proxy

Your Kubernetes control-plane has initialized successfully!

To start using your cluster, you need to run the following as a regular user:

  mkdir -p $HOME/.kube
  sudo cp -i /etc/kubernetes/admin.conf $HOME/.kube/config
  sudo chown $(id -u):$(id -g) $HOME/.kube/config

Alternatively, if you are the root user, you can run:

  export KUBECONFIG=/etc/kubernetes/admin.conf

You should now deploy a pod network to the cluster.
Run "kubectl apply -f [podnetwork].yaml" with one of the options listed at:
  https://kubernetes.io/docs/concepts/cluster-administration/addons/

Then you can join any number of worker nodes by running the following on each as root:

kubeadm join XXXXXXXXXXXX --token XXXXXXXXXXXXXXX \
	--discovery-token-ca-cert-hash sha256:aa9da1b054cd46b4454b740ec57635abe30023733c7dc9d3fca96ecfe7fe849d 
== Configure kubeconfig ==
== Remove control-plane taint for single-node scheduling ==
node/vm-k8s-node-01 untainted
== Install Helm 3 ==
version.BuildInfo{Version:"v3.20.1", GitCommit:"a2369ca71c0ef633bf6e4fccd66d634eb379b371", GitTreeState:"clean", GoVersion:"go1.25.8"}
== Install Calico via Helm ==
"projectcalico" has been added to your repositories
Hang tight while we grab the latest from your chart repositories...
...Successfully got an update from the "projectcalico" chart repository
Update Complete. ⎈Happy Helming!⎈
namespace/tigera-operator created
NAME: calico
LAST DEPLOYED: Thu Mar 12 19:41:03 2026
NAMESPACE: tigera-operator
STATUS: deployed
REVISION: 1
TEST SUITE: None
== Wait and verify ==
node/vm-k8s-node-01 condition met
NAME             STATUS   ROLES           AGE   VERSION   INTERNAL-IP   EXTERNAL-IP   OS-IMAGE             KERNEL-VERSION     CONTAINER-RUNTIME
vm-k8s-node-01   Ready    control-plane   60s   v1.35.2   10.10.1.4     <none>        Ubuntu 22.04.5 LTS   6.8.0-1044-azure   containerd://1.7.28
NAME                               READY   STATUS    RESTARTS   AGE   IP          NODE             NOMINATED NODE   READINESS GATES
tigera-operator-6cf4cccc57-9c546   1/1     Running   0          50s   10.10.1.4   vm-k8s-node-01   <none>           <none>
NAME                                      READY   STATUS     RESTARTS   AGE   IP          NODE             NOMINATED NODE   READINESS GATES
calico-apiserver-c96996f56-5d4kw          0/1     Pending    0          36s   <none>      vm-k8s-node-01   <none>           <none>
calico-apiserver-c96996f56-f4mvw          0/1     Pending    0          36s   <none>      vm-k8s-node-01   <none>           <none>
calico-kube-controllers-7fccb86bd-v7mwh   0/1     Pending    0          35s   <none>      vm-k8s-node-01   <none>           <none>
calico-node-zh2bb                         0/1     Init:2/3   0          35s   10.10.1.4   vm-k8s-node-01   <none>           <none>
calico-typha-86996c677c-gdxxs             1/1     Running    0          36s   10.10.1.4   vm-k8s-node-01   <none>           <none>
goldmane-58f96f7c58-bcfn6                 0/1     Pending    0          36s   <none>      vm-k8s-node-01   <none>           <none>
whisker-7fcb9f9686-f9v8c                  0/2     Pending    0          32s   <none>      vm-k8s-node-01   <none>           <none>
Name:               vm-k8s-node-01
Roles:              control-plane
Labels:             beta.kubernetes.io/arch=amd64
                    beta.kubernetes.io/os=linux
                    kubernetes.io/arch=amd64
                    kubernetes.io/hostname=vm-k8s-node-01
                    kubernetes.io/os=linux
                    node-role.kubernetes.io/control-plane=
                    node.kubernetes.io/exclude-from-external-load-balancers=
Annotations:        node.alpha.kubernetes.io/ttl: 0
                    volumes.kubernetes.io/controller-managed-attach-detach: true
CreationTimestamp:  Thu, 12 Mar 2026 19:40:54 +0000
Taints:             <none>
Unschedulable:      false
Lease:
  HolderIdentity:  vm-k8s-node-01
  AcquireTime:     <unset>
  RenewTime:       Thu, 12 Mar 2026 19:41:51 +0000
Conditions:
  Type             Status  LastHeartbeatTime                 LastTransitionTime                Reason                       Message
  ----             ------  -----------------                 ------------------                ------                       -------
  MemoryPressure   False   Thu, 12 Mar 2026 19:41:52 +0000   Thu, 12 Mar 2026 19:40:53 +0000   KubeletHasSufficientMemory   kubelet has sufficient memory available
  DiskPressure     False   Thu, 12 Mar 2026 19:41:52 +0000   Thu, 12 Mar 2026 19:40:53 +0000   KubeletHasNoDiskPressure     kubelet has no disk pressure
  PIDPressure      False   Thu, 12 Mar 2026 19:41:52 +0000   Thu, 12 Mar 2026 19:40:53 +0000   KubeletHasSufficientPID      kubelet has sufficient PID available
  Ready            True    Thu, 12 Mar 2026 19:41:52 +0000   Thu, 12 Mar 2026 19:41:52 +0000   KubeletReady                 kubelet is posting ready status
Addresses:
  InternalIP:  10.10.1.4
  Hostname:    vm-k8s-node-01
Capacity:
  cpu:                2
  ephemeral-storage:  30298176Ki
  hugepages-1Gi:      0
  hugepages-2Mi:      0
  memory:             16375544Ki
  pods:               110
Allocatable:
  cpu:                2
  ephemeral-storage:  27922798956
  hugepages-1Gi:      0
  hugepages-2Mi:      0
  memory:             16273144Ki
  pods:               110
System Info:
  Machine ID:                 718b8e0376d94ecc91ceb6f32644f075
  System UUID:                325e42c1-97f7-402c-ba10-d9fac97267e6
  Boot ID:                    e73894c2-68f4-4398-8ff5-adc089d8e6f3
  Kernel Version:             6.8.0-1044-azure
  OS Image:                   Ubuntu 22.04.5 LTS
  Operating System:           linux
  Architecture:               amd64
  Container Runtime Version:  containerd://1.7.28
  Kubelet Version:            v1.35.2
  Kube-Proxy Version:         
PodCIDR:                      192.168.0.0/24
PodCIDRs:                     192.168.0.0/24
Non-terminated Pods:          (15 in total)
  Namespace                   Name                                       CPU Requests  CPU Limits  Memory Requests  Memory Limits  Age
  ---------                   ----                                       ------------  ----------  ---------------  -------------  ---
  calico-system               calico-apiserver-c96996f56-5d4kw           0 (0%)        0 (0%)      0 (0%)           0 (0%)         36s
  calico-system               calico-apiserver-c96996f56-f4mvw           0 (0%)        0 (0%)      0 (0%)           0 (0%)         36s
  calico-system               calico-kube-controllers-7fccb86bd-v7mwh    0 (0%)        0 (0%)      0 (0%)           0 (0%)         35s
  calico-system               calico-node-zh2bb                          0 (0%)        0 (0%)      0 (0%)           0 (0%)         35s
  calico-system               calico-typha-86996c677c-gdxxs              0 (0%)        0 (0%)      0 (0%)           0 (0%)         36s
  calico-system               goldmane-58f96f7c58-bcfn6                  0 (0%)        0 (0%)      0 (0%)           0 (0%)         36s
  calico-system               whisker-7fcb9f9686-f9v8c                   0 (0%)        0 (0%)      0 (0%)           0 (0%)         32s
  kube-system                 coredns-7d764666f9-8272h                   100m (5%)     0 (0%)      70Mi (0%)        170Mi (1%)     51s
  kube-system                 coredns-7d764666f9-hzwjx                   100m (5%)     0 (0%)      70Mi (0%)        170Mi (1%)     51s
  kube-system                 etcd-vm-k8s-node-01                        100m (5%)     0 (0%)      100Mi (0%)       0 (0%)         59s
  kube-system                 kube-apiserver-vm-k8s-node-01              250m (12%)    0 (0%)      0 (0%)           0 (0%)         58s
  kube-system                 kube-controller-manager-vm-k8s-node-01     200m (10%)    0 (0%)      0 (0%)           0 (0%)         58s
  kube-system                 kube-proxy-9rrkv                           0 (0%)        0 (0%)      0 (0%)           0 (0%)         51s
  kube-system                 kube-scheduler-vm-k8s-node-01              100m (5%)     0 (0%)      0 (0%)           0 (0%)         58s
  tigera-operator             tigera-operator-6cf4cccc57-9c546           0 (0%)        0 (0%)      0 (0%)           0 (0%)         51s
Allocated resources:
  (Total limits may be over 100 percent, i.e., overcommitted.)
  Resource           Requests    Limits
  --------           --------    ------
  cpu                850m (42%)  0 (0%)
  memory             240Mi (1%)  340Mi (2%)
  ephemeral-storage  0 (0%)      0 (0%)
  hugepages-1Gi      0 (0%)      0 (0%)
  hugepages-2Mi      0 (0%)      0 (0%)
Events:
  Type    Reason          Age   From             Message
  ----    ------          ----  ----             -------
  Normal  RegisteredNode  52s   node-controller  Node vm-k8s-node-01 event: Registered Node vm-k8s-node-01 in Controller
